Copyright 1986-2016 Xilinx, Inc. All Rights Reserved.
------------------------------------------------------------------------------------
| Tool Version : Vivado v.2016.2 (lin64) Build 1577090 Thu Jun  2 16:32:35 MDT 2016
| Date         : Tue Nov 20 12:34:37 2018
| Host         : eecs-digital-15 running 64-bit Ubuntu 14.04.5 LTS
| Command      : report_control_sets -verbose -file labkit_control_sets_placed.rpt
| Design       : labkit
| Device       : xc7a100t
------------------------------------------------------------------------------------

Control Set Information

Table of Contents
-----------------
1. Summary
2. Flip-Flop Distribution
3. Detailed Control Set Information

1. Summary
----------

+----------------------------------------------------------+-------+
|                          Status                          | Count |
+----------------------------------------------------------+-------+
| Number of unique control sets                            |    15 |
| Unused register locations in slices containing registers |    59 |
+----------------------------------------------------------+-------+


2. Flip-Flop Distribution
-------------------------

+--------------+-----------------------+------------------------+-----------------+--------------+
| Clock Enable | Synchronous Set/Reset | Asynchronous Set/Reset | Total Registers | Total Slices |
+--------------+-----------------------+------------------------+-----------------+--------------+
| No           | No                    | No                     |              36 |           21 |
| No           | No                    | Yes                    |               0 |            0 |
| No           | Yes                   | No                     |              48 |           14 |
| Yes          | No                    | No                     |              30 |            8 |
| Yes          | No                    | Yes                    |               0 |            0 |
| Yes          | Yes                   | No                     |              43 |           13 |
+--------------+-----------------------+------------------------+-----------------+--------------+


3. Detailed Control Set Information
-----------------------------------

+----------------------+-----------------------------------------+-------------------------------+------------------+----------------+
|     Clock Signal     |              Enable Signal              |        Set/Reset Signal       | Slice Load Count | Bel Load Count |
+----------------------+-----------------------------------------+-------------------------------+------------------+----------------+
|  CLK100MHZ_IBUF_BUFG |                                         |                               |                1 |              2 |
|  clock_25mhz_BUFG    |                                         | display/strobe[2]_i_1_n_0     |                1 |              3 |
|  clock_25mhz_BUFG    |                                         | display/counter_reg[2]        |                2 |              4 |
|  clock_25mhz_BUFG    | scgame/params/value[9]_i_2_n_0          |                               |                1 |              4 |
|  clock_25mhz_BUFG    | scgame/params/characterYSpeed           |                               |                1 |              4 |
|  clock_25mhz_BUFG    | scgame/game/current_data_bus[7]_i_1_n_0 |                               |                2 |              6 |
|  clock_25mhz_BUFG    | scgame/params/value[9]_i_2_n_0          | scgame/params/value[9]        |                2 |              6 |
|  clock_25mhz_BUFG    | LED17_G_OBUF                            |                               |                1 |              6 |
|  clock_25mhz_BUFG    | scgame/game/height[9]_i_2_n_0           | scgame/game/height[9]_i_1_n_0 |                2 |              7 |
|  clock_25mhz_BUFG    |                                         | scgame/game/vga1/hreset       |                3 |             10 |
|  clock_25mhz_BUFG    | scgame/game/vga1/hreset                 | scgame/game/vga1/vcount0      |                3 |             10 |
|  clock_25mhz_BUFG    | scgame/params/wallDistance              |                               |                3 |             10 |
|  clock_25mhz_BUFG    | scgame/game/new_x[19]_i_2_n_0           | scgame/game/new_x[19]_i_1_n_0 |                6 |             20 |
|  clock_25mhz_BUFG    |                                         | scgame/us/count[31]_i_1_n_0   |                8 |             31 |
|  clock_25mhz_BUFG    |                                         |                               |               20 |             34 |
+----------------------+-----------------------------------------+-------------------------------+------------------+----------------+


